[ 2015-07-17T11:10:18+08:00 ] 59.174.231.109 /index.php?g=&m=Fang&a=reason
INFO: [ app_begin ] --START--
INFO: Run Behavior\ReadHtmlCacheBehavior [ RunTime:0.000431s ]
INFO: Run Behavior\CheckLangBehavior [ RunTime:0.000810s ]
INFO: [ app_begin ] --END-- [ RunTime:0.001696s ]
SQL: SHOW COLUMNS FROM `sp_fx_customer` [ RunTime:0.0008s ]
SQL: SELECT `reason` FROM `sp_fx_customer` WHERE `id` = 5 LIMIT 1   [ RunTime:0.0002s ]
INFO: [ app_end ] --START--
INFO: Run Behavior\ShowPageTraceBehavior [ RunTime:0.000580s ]
INFO: [ app_end ] --END-- [ RunTime:0.000629s ]

[ 2015-07-17T11:10:18+08:00 ] 59.174.231.109 /index.php?g=&m=Fang&a=reason
INFO: [ app_begin ] --START--
INFO: Run Behavior\ReadHtmlCacheBehavior [ RunTime:0.000418s ]
INFO: Run Behavior\CheckLangBehavior [ RunTime:0.000739s ]
INFO: [ app_begin ] --END-- [ RunTime:0.001462s ]
SQL: SHOW COLUMNS FROM `sp_fx_customer` [ RunTime:0.0007s ]
SQL: SELECT `reason` FROM `sp_fx_customer` WHERE `id` = 3 LIMIT 1   [ RunTime:0.0002s ]
INFO: [ app_end ] --START--
INFO: Run Behavior\ShowPageTraceBehavior [ RunTime:0.000478s ]
INFO: [ app_end ] --END-- [ RunTime:0.000530s ]

[ 2015-07-17T11:10:18+08:00 ] 59.174.231.109 /index.php?g=&m=Fang&a=reason
INFO: [ app_begin ] --START--
INFO: Run Behavior\ReadHtmlCacheBehavior [ RunTime:0.000446s ]
INFO: Run Behavior\CheckLangBehavior [ RunTime:0.000739s ]
INFO: [ app_begin ] --END-- [ RunTime:0.001508s ]
SQL: SHOW COLUMNS FROM `sp_fx_customer` [ RunTime:0.0007s ]
SQL: SELECT `reason` FROM `sp_fx_customer` WHERE `id` = 2 LIMIT 1   [ RunTime:0.0002s ]
INFO: [ app_end ] --START--
INFO: Run Behavior\ShowPageTraceBehavior [ RunTime:0.000478s ]
INFO: [ app_end ] --END-- [ RunTime:0.000527s ]

[ 2015-07-17T11:10:18+08:00 ] 59.174.231.109 /index.php?g=&m=Fang&a=reason
INFO: [ app_begin ] --START--
INFO: Run Behavior\ReadHtmlCacheBehavior [ RunTime:0.000423s ]
INFO: Run Behavior\CheckLangBehavior [ RunTime:0.000726s ]
INFO: [ app_begin ] --END-- [ RunTime:0.001470s ]
SQL: SHOW COLUMNS FROM `sp_fx_customer` [ RunTime:0.0007s ]
SQL: SELECT `reason` FROM `sp_fx_customer` WHERE `id` = 1 LIMIT 1   [ RunTime:0.0002s ]
INFO: [ app_end ] --START--
INFO: Run Behavior\ShowPageTraceBehavior [ RunTime:0.000454s ]
INFO: [ app_end ] --END-- [ RunTime:0.000503s ]

[ 2015-07-17T11:10:19+08:00 ] 59.174.231.109 /index.php?g=&m=Fang&a=reason
INFO: [ app_begin ] --START--
INFO: Run Behavior\ReadHtmlCacheBehavior [ RunTime:0.000474s ]
INFO: Run Behavior\CheckLangBehavior [ RunTime:0.000749s ]
INFO: [ app_begin ] --END-- [ RunTime:0.001548s ]
SQL: SHOW COLUMNS FROM `sp_fx_customer` [ RunTime:0.0008s ]
SQL: SELECT `reason` FROM `sp_fx_customer` WHERE `id` = 2 LIMIT 1   [ RunTime:0.0001s ]
INFO: [ app_end ] --START--
INFO: Run Behavior\ShowPageTraceBehavior [ RunTime:0.000482s ]
INFO: [ app_end ] --END-- [ RunTime:0.000531s ]

[ 2015-07-17T11:10:19+08:00 ] 59.174.231.109 /index.php?g=&m=Fang&a=reason
INFO: [ app_begin ] --START--
INFO: Run Behavior\ReadHtmlCacheBehavior [ RunTime:0.000436s ]
INFO: Run Behavior\CheckLangBehavior [ RunTime:0.000731s ]
INFO: [ app_begin ] --END-- [ RunTime:0.001477s ]
SQL: SHOW COLUMNS FROM `sp_fx_customer` [ RunTime:0.0008s ]
SQL: SELECT `reason` FROM `sp_fx_customer` WHERE `id` = 3 LIMIT 1   [ RunTime:0.0001s ]
INFO: [ app_end ] --START--
INFO: Run Behavior\ShowPageTraceBehavior [ RunTime:0.000506s ]
INFO: [ app_end ] --END-- [ RunTime:0.000561s ]

[ 2015-07-17T11:10:19+08:00 ] 59.174.231.109 /index.php?g=&m=Fang&a=reason
INFO: [ app_begin ] --START--
INFO: Run Behavior\ReadHtmlCacheBehavior [ RunTime:0.000404s ]
INFO: Run Behavior\CheckLangBehavior [ RunTime:0.000714s ]
INFO: [ app_begin ] --END-- [ RunTime:0.001416s ]
SQL: SHOW COLUMNS FROM `sp_fx_customer` [ RunTime:0.0008s ]
SQL: SELECT `reason` FROM `sp_fx_customer` WHERE `id` = 5 LIMIT 1   [ RunTime:0.0001s ]
INFO: [ app_end ] --START--
INFO: Run Behavior\ShowPageTraceBehavior [ RunTime:0.000561s ]
INFO: [ app_end ] --END-- [ RunTime:0.000614s ]

[ 2015-07-17T11:10:19+08:00 ] 59.174.231.109 /index.php?g=&m=Fang&a=reason
INFO: [ app_begin ] --START--
INFO: Run Behavior\ReadHtmlCacheBehavior [ RunTime:0.000472s ]
INFO: Run Behavior\CheckLangBehavior [ RunTime:0.000707s ]
INFO: [ app_begin ] --END-- [ RunTime:0.001478s ]
SQL: SHOW COLUMNS FROM `sp_fx_customer` [ RunTime:0.0008s ]
SQL: SELECT `reason` FROM `sp_fx_customer` WHERE `id` = 5 LIMIT 1   [ RunTime:0.0001s ]
INFO: [ app_end ] --START--
INFO: Run Behavior\ShowPageTraceBehavior [ RunTime:0.000526s ]
INFO: [ app_end ] --END-- [ RunTime:0.000577s ]

[ 2015-07-17T11:10:19+08:00 ] 59.174.231.109 /index.php?g=&m=Fang&a=reason
INFO: [ app_begin ] --START--
INFO: Run Behavior\ReadHtmlCacheBehavior [ RunTime:0.000435s ]
INFO: Run Behavior\CheckLangBehavior [ RunTime:0.000748s ]
INFO: [ app_begin ] --END-- [ RunTime:0.001501s ]
SQL: SHOW COLUMNS FROM `sp_fx_customer` [ RunTime:0.0008s ]
SQL: SELECT `reason` FROM `sp_fx_customer` WHERE `id` = 3 LIMIT 1   [ RunTime:0.0001s ]
INFO: [ app_end ] --START--
INFO: Run Behavior\ShowPageTraceBehavior [ RunTime:0.000555s ]
INFO: [ app_end ] --END-- [ RunTime:0.000605s ]

[ 2015-07-17T11:10:19+08:00 ] 59.174.231.109 /index.php?g=&m=Fang&a=reason
INFO: [ app_begin ] --START--
INFO: Run Behavior\ReadHtmlCacheBehavior [ RunTime:0.000430s ]
INFO: Run Behavior\CheckLangBehavior [ RunTime:0.000739s ]
INFO: [ app_begin ] --END-- [ RunTime:0.001492s ]
SQL: SHOW COLUMNS FROM `sp_fx_customer` [ RunTime:0.0008s ]
SQL: SELECT `reason` FROM `sp_fx_customer` WHERE `id` = 2 LIMIT 1   [ RunTime:0.0001s ]
INFO: [ app_end ] --START--
INFO: Run Behavior\ShowPageTraceBehavior [ RunTime:0.000548s ]
INFO: [ app_end ] --END-- [ RunTime:0.000600s ]

[ 2015-07-17T11:10:20+08:00 ] 59.174.231.109 /index.php?g=&m=Fang&a=reason
INFO: [ app_begin ] --START--
INFO: Run Behavior\ReadHtmlCacheBehavior [ RunTime:0.000489s ]
INFO: Run Behavior\CheckLangBehavior [ RunTime:0.000762s ]
INFO: [ app_begin ] --END-- [ RunTime:0.001552s ]
SQL: SHOW COLUMNS FROM `sp_fx_customer` [ RunTime:0.0008s ]
SQL: SELECT `reason` FROM `sp_fx_customer` WHERE `id` = 3 LIMIT 1   [ RunTime:0.0001s ]
INFO: [ app_end ] --START--
INFO: Run Behavior\ShowPageTraceBehavior [ RunTime:0.000517s ]
INFO: [ app_end ] --END-- [ RunTime:0.000571s ]

[ 2015-07-17T11:10:20+08:00 ] 59.174.231.109 /index.php?g=&m=Fang&a=reason
INFO: [ app_begin ] --START--
INFO: Run Behavior\ReadHtmlCacheBehavior [ RunTime:0.000453s ]
INFO: Run Behavior\CheckLangBehavior [ RunTime:0.000812s ]
INFO: [ app_begin ] --END-- [ RunTime:0.001631s ]
SQL: SHOW COLUMNS FROM `sp_fx_customer` [ RunTime:0.0008s ]
SQL: SELECT `reason` FROM `sp_fx_customer` WHERE `id` = 2 LIMIT 1   [ RunTime:0.0001s ]
INFO: [ app_end ] --START--
INFO: Run Behavior\ShowPageTraceBehavior [ RunTime:0.000731s ]
INFO: [ app_end ] --END-- [ RunTime:0.000821s ]

[ 2015-07-17T11:10:21+08:00 ] 59.174.231.109 /index.php?g=&m=Fang&a=reason
INFO: [ app_begin ] --START--
INFO: Run Behavior\ReadHtmlCacheBehavior [ RunTime:0.000443s ]
INFO: Run Behavior\CheckLangBehavior [ RunTime:0.000754s ]
INFO: [ app_begin ] --END-- [ RunTime:0.001504s ]
SQL: SHOW COLUMNS FROM `sp_fx_customer` [ RunTime:0.0010s ]
SQL: SELECT `reason` FROM `sp_fx_customer` WHERE `id` = 3 LIMIT 1   [ RunTime:0.0001s ]
INFO: [ app_end ] --START--
INFO: Run Behavior\ShowPageTraceBehavior [ RunTime:0.000743s ]
INFO: [ app_end ] --END-- [ RunTime:0.000822s ]

[ 2015-07-17T11:10:21+08:00 ] 59.174.231.109 /index.php?g=&m=Fang&a=reason
INFO: [ app_begin ] --START--
INFO: Run Behavior\ReadHtmlCacheBehavior [ RunTime:0.000444s ]
INFO: Run Behavior\CheckLangBehavior [ RunTime:0.000905s ]
INFO: [ app_begin ] --END-- [ RunTime:0.001719s ]
SQL: SHOW COLUMNS FROM `sp_fx_customer` [ RunTime:0.0008s ]
SQL: SELECT `reason` FROM `sp_fx_customer` WHERE `id` = 5 LIMIT 1   [ RunTime:0.0001s ]
INFO: [ app_end ] --START--
INFO: Run Behavior\ShowPageTraceBehavior [ RunTime:0.000453s ]
INFO: [ app_end ] --END-- [ RunTime:0.000506s ]

[ 2015-07-17T11:10:22+08:00 ] 59.174.231.109 /index.php?g=&m=Fang&a=reason
INFO: [ app_begin ] --START--
INFO: Run Behavior\ReadHtmlCacheBehavior [ RunTime:0.000433s ]
INFO: Run Behavior\CheckLangBehavior [ RunTime:0.000766s ]
INFO: [ app_begin ] --END-- [ RunTime:0.001502s ]
SQL: SHOW COLUMNS FROM `sp_fx_customer` [ RunTime:0.0008s ]
SQL: SELECT `reason` FROM `sp_fx_customer` WHERE `id` = 3 LIMIT 1   [ RunTime:0.0001s ]
INFO: [ app_end ] --START--
INFO: Run Behavior\ShowPageTraceBehavior [ RunTime:0.000506s ]
INFO: [ app_end ] --END-- [ RunTime:0.000562s ]

[ 2015-07-17T11:10:22+08:00 ] 59.174.231.109 /index.php?g=&m=Fang&a=reason
INFO: [ app_begin ] --START--
INFO: Run Behavior\ReadHtmlCacheBehavior [ RunTime:0.000440s ]
INFO: Run Behavior\CheckLangBehavior [ RunTime:0.000730s ]
INFO: [ app_begin ] --END-- [ RunTime:0.001475s ]
SQL: SHOW COLUMNS FROM `sp_fx_customer` [ RunTime:0.0008s ]
SQL: SELECT `reason` FROM `sp_fx_customer` WHERE `id` = 2 LIMIT 1   [ RunTime:0.0001s ]
INFO: [ app_end ] --START--
INFO: Run Behavior\ShowPageTraceBehavior [ RunTime:0.000520s ]
INFO: [ app_end ] --END-- [ RunTime:0.000571s ]

[ 2015-07-17T11:10:23+08:00 ] 59.174.231.109 /index.php?g=&m=Fang&a=reason
INFO: [ app_begin ] --START--
INFO: Run Behavior\ReadHtmlCacheBehavior [ RunTime:0.000419s ]
INFO: Run Behavior\CheckLangBehavior [ RunTime:0.000732s ]
INFO: [ app_begin ] --END-- [ RunTime:0.001459s ]
SQL: SHOW COLUMNS FROM `sp_fx_customer` [ RunTime:0.0008s ]
SQL: SELECT `reason` FROM `sp_fx_customer` WHERE `id` = 3 LIMIT 1   [ RunTime:0.0001s ]
INFO: [ app_end ] --START--
INFO: Run Behavior\ShowPageTraceBehavior [ RunTime:0.000543s ]
INFO: [ app_end ] --END-- [ RunTime:0.000592s ]

[ 2015-07-17T11:10:23+08:00 ] 59.174.231.109 /index.php?g=&m=Fang&a=reason
INFO: [ app_begin ] --START--
INFO: Run Behavior\ReadHtmlCacheBehavior [ RunTime:0.000405s ]
INFO: Run Behavior\CheckLangBehavior [ RunTime:0.000704s ]
INFO: [ app_begin ] --END-- [ RunTime:0.001425s ]
SQL: SHOW COLUMNS FROM `sp_fx_customer` [ RunTime:0.0010s ]
SQL: SELECT `reason` FROM `sp_fx_customer` WHERE `id` = 2 LIMIT 1   [ RunTime:0.0001s ]
INFO: [ app_end ] --START--
INFO: Run Behavior\ShowPageTraceBehavior [ RunTime:0.000504s ]
INFO: [ app_end ] --END-- [ RunTime:0.000553s ]

[ 2015-07-17T11:10:23+08:00 ] 59.174.231.109 /index.php?g=&m=Fang&a=reason
INFO: [ app_begin ] --START--
INFO: Run Behavior\ReadHtmlCacheBehavior [ RunTime:0.000411s ]
INFO: Run Behavior\CheckLangBehavior [ RunTime:0.000724s ]
INFO: [ app_begin ] --END-- [ RunTime:0.001453s ]
SQL: SHOW COLUMNS FROM `sp_fx_customer` [ RunTime:0.0008s ]
SQL: SELECT `reason` FROM `sp_fx_customer` WHERE `id` = 1 LIMIT 1   [ RunTime:0.0001s ]
INFO: [ app_end ] --START--
INFO: Run Behavior\ShowPageTraceBehavior [ RunTime:0.000448s ]
INFO: [ app_end ] --END-- [ RunTime:0.000497s ]

[ 2015-07-17T11:10:23+08:00 ] 59.174.231.109 /index.php?g=&m=Fang&a=reason
INFO: [ app_begin ] --START--
INFO: Run Behavior\ReadHtmlCacheBehavior [ RunTime:0.000458s ]
INFO: Run Behavior\CheckLangBehavior [ RunTime:0.000827s ]
INFO: [ app_begin ] --END-- [ RunTime:0.001609s ]
SQL: SHOW COLUMNS FROM `sp_fx_customer` [ RunTime:0.0008s ]
SQL: SELECT `reason` FROM `sp_fx_customer` WHERE `id` = 2 LIMIT 1   [ RunTime:0.0001s ]
INFO: [ app_end ] --START--
INFO: Run Behavior\ShowPageTraceBehavior [ RunTime:0.000465s ]
INFO: [ app_end ] --END-- [ RunTime:0.000515s ]

[ 2015-07-17T11:10:23+08:00 ] 59.174.231.109 /index.php?g=&m=Fang&a=reason
INFO: [ app_begin ] --START--
INFO: Run Behavior\ReadHtmlCacheBehavior [ RunTime:0.000410s ]
INFO: Run Behavior\CheckLangBehavior [ RunTime:0.000728s ]
INFO: [ app_begin ] --END-- [ RunTime:0.001495s ]
SQL: SHOW COLUMNS FROM `sp_fx_customer` [ RunTime:0.0007s ]
SQL: SELECT `reason` FROM `sp_fx_customer` WHERE `id` = 3 LIMIT 1   [ RunTime:0.0001s ]
INFO: [ app_end ] --START--
INFO: Run Behavior\ShowPageTraceBehavior [ RunTime:0.000491s ]
INFO: [ app_end ] --END-- [ RunTime:0.000542s ]

[ 2015-07-17T11:10:24+08:00 ] 59.174.231.109 /index.php?g=&m=Fang&a=reason
INFO: [ app_begin ] --START--
INFO: Run Behavior\ReadHtmlCacheBehavior [ RunTime:0.000516s ]
INFO: Run Behavior\CheckLangBehavior [ RunTime:0.000751s ]
INFO: [ app_begin ] --END-- [ RunTime:0.001580s ]
SQL: SHOW COLUMNS FROM `sp_fx_customer` [ RunTime:0.0008s ]
SQL: SELECT `reason` FROM `sp_fx_customer` WHERE `id` = 5 LIMIT 1   [ RunTime:0.0001s ]
INFO: [ app_end ] --START--
INFO: Run Behavior\ShowPageTraceBehavior [ RunTime:0.000471s ]
INFO: [ app_end ] --END-- [ RunTime:0.000538s ]

[ 2015-07-17T11:14:50+08:00 ] 59.174.231.109 /index.php?g=&m=Fang&a=reason
INFO: [ app_begin ] --START--
INFO: Run Behavior\ReadHtmlCacheBehavior [ RunTime:0.000538s ]
INFO: Run Behavior\CheckLangBehavior [ RunTime:0.000928s ]
INFO: [ app_begin ] --END-- [ RunTime:0.001776s ]
SQL: SHOW COLUMNS FROM `sp_fx_customer` [ RunTime:0.0007s ]
SQL: SELECT `reason` FROM `sp_fx_customer` WHERE `id` = 1 LIMIT 1   [ RunTime:0.0001s ]
INFO: [ app_end ] --START--
INFO: Run Behavior\ShowPageTraceBehavior [ RunTime:0.000479s ]
INFO: [ app_end ] --END-- [ RunTime:0.000527s ]

[ 2015-07-17T11:14:50+08:00 ] 59.174.231.109 /index.php?g=&m=Fang&a=reason
INFO: [ app_begin ] --START--
INFO: Run Behavior\ReadHtmlCacheBehavior [ RunTime:0.000489s ]
INFO: Run Behavior\CheckLangBehavior [ RunTime:0.000903s ]
INFO: [ app_begin ] --END-- [ RunTime:0.001803s ]
SQL: SHOW COLUMNS FROM `sp_fx_customer` [ RunTime:0.0006s ]
SQL: SELECT `reason` FROM `sp_fx_customer` WHERE `id` = 2 LIMIT 1   [ RunTime:0.0001s ]
INFO: [ app_end ] --START--
INFO: Run Behavior\ShowPageTraceBehavior [ RunTime:0.000498s ]
INFO: [ app_end ] --END-- [ RunTime:0.000547s ]

[ 2015-07-17T11:14:50+08:00 ] 59.174.231.109 /index.php?g=&m=Fang&a=reason
INFO: [ app_begin ] --START--
INFO: Run Behavior\ReadHtmlCacheBehavior [ RunTime:0.000421s ]
INFO: Run Behavior\CheckLangBehavior [ RunTime:0.000727s ]
INFO: [ app_begin ] --END-- [ RunTime:0.001475s ]
SQL: SHOW COLUMNS FROM `sp_fx_customer` [ RunTime:0.0006s ]
SQL: SELECT `reason` FROM `sp_fx_customer` WHERE `id` = 5 LIMIT 1   [ RunTime:0.0001s ]
INFO: [ app_end ] --START--
INFO: Run Behavior\ShowPageTraceBehavior [ RunTime:0.000513s ]
INFO: [ app_end ] --END-- [ RunTime:0.000567s ]

[ 2015-07-17T11:14:51+08:00 ] 59.174.231.109 /index.php?g=&m=Fang&a=reason
INFO: [ app_begin ] --START--
INFO: Run Behavior\ReadHtmlCacheBehavior [ RunTime:0.000437s ]
INFO: Run Behavior\CheckLangBehavior [ RunTime:0.000765s ]
INFO: [ app_begin ] --END-- [ RunTime:0.001525s ]
SQL: SHOW COLUMNS FROM `sp_fx_customer` [ RunTime:0.0008s ]
SQL: SELECT `reason` FROM `sp_fx_customer` WHERE `id` = 5 LIMIT 1   [ RunTime:0.0001s ]
INFO: [ app_end ] --START--
INFO: Run Behavior\ShowPageTraceBehavior [ RunTime:0.000499s ]
INFO: [ app_end ] --END-- [ RunTime:0.000546s ]

[ 2015-07-17T11:14:51+08:00 ] 59.174.231.109 /index.php?g=&m=Fang&a=reason
INFO: [ app_begin ] --START--
INFO: Run Behavior\ReadHtmlCacheBehavior [ RunTime:0.000427s ]
INFO: Run Behavior\CheckLangBehavior [ RunTime:0.000710s ]
INFO: [ app_begin ] --END-- [ RunTime:0.001435s ]
SQL: SHOW COLUMNS FROM `sp_fx_customer` [ RunTime:0.0008s ]
SQL: SELECT `reason` FROM `sp_fx_customer` WHERE `id` = 3 LIMIT 1   [ RunTime:0.0001s ]
INFO: [ app_end ] --START--
INFO: Run Behavior\ShowPageTraceBehavior [ RunTime:0.000483s ]
INFO: [ app_end ] --END-- [ RunTime:0.000532s ]

[ 2015-07-17T11:14:51+08:00 ] 59.174.231.109 /index.php?g=&m=Fang&a=reason
INFO: [ app_begin ] --START--
INFO: Run Behavior\ReadHtmlCacheBehavior [ RunTime:0.000435s ]
INFO: Run Behavior\CheckLangBehavior [ RunTime:0.000743s ]
INFO: [ app_begin ] --END-- [ RunTime:0.001493s ]
SQL: SHOW COLUMNS FROM `sp_fx_customer` [ RunTime:0.0007s ]
SQL: SELECT `reason` FROM `sp_fx_customer` WHERE `id` = 2 LIMIT 1   [ RunTime:0.0001s ]
INFO: [ app_end ] --START--
INFO: Run Behavior\ShowPageTraceBehavior [ RunTime:0.000554s ]
INFO: [ app_end ] --END-- [ RunTime:0.000605s ]

[ 2015-07-17T11:14:51+08:00 ] 59.174.231.109 /index.php?g=&m=Fang&a=reason
INFO: [ app_begin ] --START--
INFO: Run Behavior\ReadHtmlCacheBehavior [ RunTime:0.000452s ]
INFO: Run Behavior\CheckLangBehavior [ RunTime:0.000736s ]
INFO: [ app_begin ] --END-- [ RunTime:0.001492s ]
SQL: SHOW COLUMNS FROM `sp_fx_customer` [ RunTime:0.0008s ]
SQL: SELECT `reason` FROM `sp_fx_customer` WHERE `id` = 1 LIMIT 1   [ RunTime:0.0001s ]
INFO: [ app_end ] --START--
INFO: Run Behavior\ShowPageTraceBehavior [ RunTime:0.000466s ]
INFO: [ app_end ] --END-- [ RunTime:0.000516s ]

[ 2015-07-17T11:14:51+08:00 ] 59.174.231.109 /index.php?g=&m=Fang&a=reason
INFO: [ app_begin ] --START--
INFO: Run Behavior\ReadHtmlCacheBehavior [ RunTime:0.000431s ]
INFO: Run Behavior\CheckLangBehavior [ RunTime:0.000729s ]
INFO: [ app_begin ] --END-- [ RunTime:0.001495s ]
SQL: SHOW COLUMNS FROM `sp_fx_customer` [ RunTime:0.0010s ]
SQL: SELECT `reason` FROM `sp_fx_customer` WHERE `id` = 1 LIMIT 1   [ RunTime:0.0001s ]
INFO: [ app_end ] --START--
INFO: Run Behavior\ShowPageTraceBehavior [ RunTime:0.000463s ]
INFO: [ app_end ] --END-- [ RunTime:0.000513s ]

[ 2015-07-17T11:14:51+08:00 ] 59.174.231.109 /index.php?g=&m=Fang&a=reason
INFO: [ app_begin ] --START--
INFO: Run Behavior\ReadHtmlCacheBehavior [ RunTime:0.000411s ]
INFO: Run Behavior\CheckLangBehavior [ RunTime:0.000737s ]
INFO: [ app_begin ] --END-- [ RunTime:0.001470s ]
SQL: SHOW COLUMNS FROM `sp_fx_customer` [ RunTime:0.0007s ]
SQL: SELECT `reason` FROM `sp_fx_customer` WHERE `id` = 2 LIMIT 1   [ RunTime:0.0001s ]
INFO: [ app_end ] --START--
INFO: Run Behavior\ShowPageTraceBehavior [ RunTime:0.000561s ]
INFO: [ app_end ] --END-- [ RunTime:0.000614s ]

[ 2015-07-17T11:14:51+08:00 ] 59.174.231.109 /index.php?g=&m=Fang&a=reason
INFO: [ app_begin ] --START--
INFO: Run Behavior\ReadHtmlCacheBehavior [ RunTime:0.000442s ]
INFO: Run Behavior\CheckLangBehavior [ RunTime:0.000714s ]
INFO: [ app_begin ] --END-- [ RunTime:0.001464s ]
SQL: SHOW COLUMNS FROM `sp_fx_customer` [ RunTime:0.0008s ]
SQL: SELECT `reason` FROM `sp_fx_customer` WHERE `id` = 3 LIMIT 1   [ RunTime:0.0001s ]
INFO: [ app_end ] --START--
INFO: Run Behavior\ShowPageTraceBehavior [ RunTime:0.000546s ]
INFO: [ app_end ] --END-- [ RunTime:0.000600s ]

[ 2015-07-17T11:14:51+08:00 ] 59.174.231.109 /index.php?g=&m=Fang&a=reason
INFO: [ app_begin ] --START--
INFO: Run Behavior\ReadHtmlCacheBehavior [ RunTime:0.000497s ]
INFO: Run Behavior\CheckLangBehavior [ RunTime:0.000702s ]
INFO: [ app_begin ] --END-- [ RunTime:0.001508s ]
SQL: SHOW COLUMNS FROM `sp_fx_customer` [ RunTime:0.0006s ]
SQL: SELECT `reason` FROM `sp_fx_customer` WHERE `id` = 5 LIMIT 1   [ RunTime:0.0001s ]
INFO: [ app_end ] --START--
INFO: Run Behavior\ShowPageTraceBehavior [ RunTime:0.000485s ]
INFO: [ app_end ] --END-- [ RunTime:0.000533s ]

[ 2015-07-17T11:14:52+08:00 ] 59.174.231.109 /index.php?g=&m=Fang&a=reason
INFO: [ app_begin ] --START--
INFO: Run Behavior\ReadHtmlCacheBehavior [ RunTime:0.000450s ]
INFO: Run Behavior\CheckLangBehavior [ RunTime:0.000761s ]
INFO: [ app_begin ] --END-- [ RunTime:0.001538s ]
SQL: SHOW COLUMNS FROM `sp_fx_customer` [ RunTime:0.0008s ]
SQL: SELECT `reason` FROM `sp_fx_customer` WHERE `id` = 5 LIMIT 1   [ RunTime:0.0001s ]
INFO: [ app_end ] --START--
INFO: Run Behavior\ShowPageTraceBehavior [ RunTime:0.000522s ]
INFO: [ app_end ] --END-- [ RunTime:0.000573s ]

[ 2015-07-17T11:14:52+08:00 ] 59.174.231.109 /index.php?g=&m=Fang&a=reason
INFO: [ app_begin ] --START--
INFO: Run Behavior\ReadHtmlCacheBehavior [ RunTime:0.000471s ]
INFO: Run Behavior\CheckLangBehavior [ RunTime:0.000811s ]
INFO: [ app_begin ] --END-- [ RunTime:0.001602s ]
SQL: SHOW COLUMNS FROM `sp_fx_customer` [ RunTime:0.0007s ]
SQL: SELECT `reason` FROM `sp_fx_customer` WHERE `id` = 3 LIMIT 1   [ RunTime:0.0001s ]
INFO: [ app_end ] --START--
INFO: Run Behavior\ShowPageTraceBehavior [ RunTime:0.000458s ]
INFO: [ app_end ] --END-- [ RunTime:0.000505s ]

[ 2015-07-17T11:14:52+08:00 ] 59.174.231.109 /index.php?g=&m=Fang&a=reason
INFO: [ app_begin ] --START--
INFO: Run Behavior\ReadHtmlCacheBehavior [ RunTime:0.000482s ]
INFO: Run Behavior\CheckLangBehavior [ RunTime:0.000781s ]
INFO: [ app_begin ] --END-- [ RunTime:0.001748s ]
SQL: SHOW COLUMNS FROM `sp_fx_customer` [ RunTime:0.0007s ]
SQL: SELECT `reason` FROM `sp_fx_customer` WHERE `id` = 2 LIMIT 1   [ RunTime:0.0001s ]
INFO: [ app_end ] --START--
INFO: Run Behavior\ShowPageTraceBehavior [ RunTime:0.000437s ]
INFO: [ app_end ] --END-- [ RunTime:0.000487s ]

[ 2015-07-17T11:14:52+08:00 ] 59.174.231.109 /index.php?g=&m=Fang&a=reason
INFO: [ app_begin ] --START--
INFO: Run Behavior\ReadHtmlCacheBehavior [ RunTime:0.000442s ]
INFO: Run Behavior\CheckLangBehavior [ RunTime:0.000715s ]
INFO: [ app_begin ] --END-- [ RunTime:0.001456s ]
SQL: SHOW COLUMNS FROM `sp_fx_customer` [ RunTime:0.0007s ]
SQL: SELECT `reason` FROM `sp_fx_customer` WHERE `id` = 1 LIMIT 1   [ RunTime:0.0001s ]
INFO: [ app_end ] --START--
INFO: Run Behavior\ShowPageTraceBehavior [ RunTime:0.000490s ]
INFO: [ app_end ] --END-- [ RunTime:0.000550s ]

