[ 2015-07-01T11:39:51+08:00 ] 119.40.36.206 /index.php?g=&m=Fxlp&a=hot
INFO: [ app_begin ] --START--
INFO: Run Behavior\ReadHtmlCacheBehavior [ RunTime:0.000437s ]
INFO: Run Behavior\CheckLangBehavior [ RunTime:0.000817s ]
INFO: [ app_begin ] --END-- [ RunTime:0.001613s ]
SQL: SHOW COLUMNS FROM `sp_fx_building` [ RunTime:0.0010s ]
SQL: SELECT COUNT(*) AS tp_count FROM `sp_fx_building` ORDER BY involved DESC LIMIT 1   [ RunTime:0.0002s ]
NOTIC: [8] Undefined variable: pList /www/web/default/fx/public_html/simplewind/Lib/Util/Page.class.php 第 224 行.
NOTIC: [8] Undefined variable: pListStart /www/web/default/fx/public_html/simplewind/Lib/Util/Page.class.php 第 333 行.
NOTIC: [8] Undefined variable: pListEnd /www/web/default/fx/public_html/simplewind/Lib/Util/Page.class.php 第 333 行.
NOTIC: [8] Undefined variable: pFirst /www/web/default/fx/public_html/simplewind/Lib/Util/Page.class.php 第 333 行.
NOTIC: [8] Undefined variable: pPrev /www/web/default/fx/public_html/simplewind/Lib/Util/Page.class.php 第 333 行.
SQL: SELECT * FROM `sp_fx_building` ORDER BY involved DESC LIMIT 0,5   [ RunTime:0.0003s ]
INFO: [ app_end ] --START--
INFO: Run Behavior\ShowPageTraceBehavior [ RunTime:0.000693s ]
INFO: [ app_end ] --END-- [ RunTime:0.000785s ]

[ 2015-07-01T11:39:52+08:00 ] 119.40.36.206 /index.php?g=&m=Fxlp&a=so
INFO: [ app_begin ] --START--
INFO: Run Behavior\ReadHtmlCacheBehavior [ RunTime:0.000459s ]
INFO: Run Behavior\CheckLangBehavior [ RunTime:0.000808s ]
INFO: [ app_begin ] --END-- [ RunTime:0.001605s ]
SQL: SHOW COLUMNS FROM `sp_fx_building` [ RunTime:0.0010s ]
SQL: SELECT COUNT(*) AS tp_count FROM `sp_fx_building` ORDER BY num ASC LIMIT 1   [ RunTime:0.0002s ]
NOTIC: [8] Undefined variable: pList /www/web/default/fx/public_html/simplewind/Lib/Util/Page.class.php 第 224 行.
NOTIC: [8] Undefined variable: pListStart /www/web/default/fx/public_html/simplewind/Lib/Util/Page.class.php 第 333 行.
NOTIC: [8] Undefined variable: pListEnd /www/web/default/fx/public_html/simplewind/Lib/Util/Page.class.php 第 333 行.
NOTIC: [8] Undefined variable: pFirst /www/web/default/fx/public_html/simplewind/Lib/Util/Page.class.php 第 333 行.
NOTIC: [8] Undefined variable: pPrev /www/web/default/fx/public_html/simplewind/Lib/Util/Page.class.php 第 333 行.
SQL: SELECT * FROM `sp_fx_building` ORDER BY num ASC LIMIT 0,5   [ RunTime:0.0003s ]
INFO: [ app_end ] --START--
INFO: Run Behavior\ShowPageTraceBehavior [ RunTime:0.000744s ]
INFO: [ app_end ] --END-- [ RunTime:0.000801s ]

[ 2015-07-01T11:39:52+08:00 ] 119.40.36.206 /index.php?g=&m=Fxlp&a=news
INFO: [ app_begin ] --START--
INFO: Run Behavior\ReadHtmlCacheBehavior [ RunTime:0.000430s ]
INFO: Run Behavior\CheckLangBehavior [ RunTime:0.000784s ]
INFO: [ app_begin ] --END-- [ RunTime:0.001537s ]
SQL: SHOW COLUMNS FROM `sp_fx_building` [ RunTime:0.0009s ]
SQL: SELECT COUNT(*) AS tp_count FROM `sp_fx_building` ORDER BY id DESC LIMIT 1   [ RunTime:0.0002s ]
NOTIC: [8] Undefined variable: pList /www/web/default/fx/public_html/simplewind/Lib/Util/Page.class.php 第 224 行.
NOTIC: [8] Undefined variable: pListStart /www/web/default/fx/public_html/simplewind/Lib/Util/Page.class.php 第 333 行.
NOTIC: [8] Undefined variable: pListEnd /www/web/default/fx/public_html/simplewind/Lib/Util/Page.class.php 第 333 行.
NOTIC: [8] Undefined variable: pFirst /www/web/default/fx/public_html/simplewind/Lib/Util/Page.class.php 第 333 行.
NOTIC: [8] Undefined variable: pPrev /www/web/default/fx/public_html/simplewind/Lib/Util/Page.class.php 第 333 行.
SQL: SELECT * FROM `sp_fx_building` ORDER BY id DESC LIMIT 0,5   [ RunTime:0.0001s ]
INFO: [ app_end ] --START--
INFO: Run Behavior\ShowPageTraceBehavior [ RunTime:0.000452s ]
INFO: [ app_end ] --END-- [ RunTime:0.000505s ]

[ 2015-07-01T11:39:54+08:00 ] 119.40.36.206 /index.php?g=&m=Fxlp&a=hot
INFO: [ app_begin ] --START--
INFO: Run Behavior\ReadHtmlCacheBehavior [ RunTime:0.000445s ]
INFO: Run Behavior\CheckLangBehavior [ RunTime:0.000717s ]
INFO: [ app_begin ] --END-- [ RunTime:0.001531s ]
SQL: SHOW COLUMNS FROM `sp_fx_building` [ RunTime:0.0011s ]
SQL: SELECT COUNT(*) AS tp_count FROM `sp_fx_building` ORDER BY involved DESC LIMIT 1   [ RunTime:0.0001s ]
NOTIC: [8] Undefined variable: pList /www/web/default/fx/public_html/simplewind/Lib/Util/Page.class.php 第 224 行.
NOTIC: [8] Undefined variable: pListStart /www/web/default/fx/public_html/simplewind/Lib/Util/Page.class.php 第 333 行.
NOTIC: [8] Undefined variable: pListEnd /www/web/default/fx/public_html/simplewind/Lib/Util/Page.class.php 第 333 行.
NOTIC: [8] Undefined variable: pFirst /www/web/default/fx/public_html/simplewind/Lib/Util/Page.class.php 第 333 行.
NOTIC: [8] Undefined variable: pPrev /www/web/default/fx/public_html/simplewind/Lib/Util/Page.class.php 第 333 行.
SQL: SELECT * FROM `sp_fx_building` ORDER BY involved DESC LIMIT 0,5   [ RunTime:0.0001s ]
INFO: [ app_end ] --START--
INFO: Run Behavior\ShowPageTraceBehavior [ RunTime:0.000480s ]
INFO: [ app_end ] --END-- [ RunTime:0.000535s ]

